--------------------------------------------------------
type : R
seed_sets : {(0, 1), (2, 4), (1, 2), (0, 0), (1, 1), (0, 3), (2, 3), (0, 2), (2, 2), (1, 0), (3, 2), (1, 3)}
regions : [{(0, 1), (2, 4), (1, 2), (0, 0), (1, 1), (0, 3), (2, 3), (0, 2), (2, 2), (1, 0), (3, 2), (1, 3)}]
nb_regions : 1
region : 0
area : 12
Point :  (0, 1)
up
Point :  (2, 4)
up
right
down
Point :  (1, 2)
Point :  (0, 0)
up
left
Point :  (1, 1)
down
Point :  (0, 3)
up
right
Point :  (2, 3)
down
Point :  (0, 2)
up
Point :  (2, 2)
left
Point :  (1, 0)
down
left
Point :  (3, 2)
right
down
left
Point :  (1, 3)
right
Type : UP
Sides : [(0, 0), (0, 1), (0, 2), (0, 3), (2, 4)]
Looking side1, side2 : (0, 0) (0, 1)
Looking side1, side2 : (0, 1) (0, 2)
Looking side1, side2 : (0, 2) (0, 3)
Looking side1, side2 : (0, 3) (2, 4)
dis
FOR UP  nb_sides 2
Type : RIGHT
Sides : [(3, 2), (0, 3), (1, 3), (2, 4)]
Looking side1, side2 : (3, 2) (0, 3)
dis
Looking side1, side2 : (0, 3) (1, 3)
Looking side1, side2 : (1, 3) (2, 4)
dis
FOR RIGHT  nb_sides 3
Type : DOWN
Sides : [(3, 2), (2, 4), (2, 3), (1, 1), (1, 0)]
Looking side1, side2 : (3, 2) (2, 4)
dis
Looking side1, side2 : (2, 4) (2, 3)
Looking side1, side2 : (2, 3) (1, 1)
dis
Looking side1, side2 : (1, 1) (1, 0)
FOR DOWN  nb_sides 3
Type : LEFT
Sides : [(3, 2), (2, 2), (1, 0), (0, 0)]
Looking side1, side2 : (3, 2) (2, 2)
Looking side1, side2 : (2, 2) (1, 0)
dis
Looking side1, side2 : (1, 0) (0, 0)
FOR LEFT  nb_sides 2
sides : 10
----------------------------------------------------------------
type : I
seed_sets : {(7, 4), (6, 2), (0, 4), (7, 1), (9, 3), (1, 5), (8, 1), (6, 4), (1, 4), (7, 3), (8, 3), (0, 5), (7, 2), (8, 2), (7, 5), (6, 3), (8, 5), (5, 2)}
regions : [
{(7, 4), (6, 2), (7, 1), (9, 3), (8, 1), (6, 4), (7, 3), (8, 3), (7, 2), (8, 2), (7, 5), (6, 3), (8, 5), (5, 2)}, 
{(1, 5), (0, 4), (1, 4), (0, 5)}]
nb_regions : 2
region : 0
area : 14
Point :  (7, 4)
down
Point :  (6, 2)
left
Point :  (7, 1)
up
left
Point :  (9, 3)
right
down
left
Point :  (8, 1)
down
left
Point :  (6, 4)
up
right
Point :  (7, 3)
Point :  (8, 3)
right
Point :  (7, 2)
Point :  (8, 2)
down
Point :  (7, 5)
up
right
Point :  (6, 3)
up
Point :  (8, 5)
right
down
left
Point :  (5, 2)
up
right
left
Type : UP
Sides : [(5, 2), (6, 3), (6, 4), (7, 1), (7, 5)]
Looking side1, side2 : (5, 2) (6, 3)
dis
Looking side1, side2 : (6, 3) (6, 4)
Looking side1, side2 : (6, 4) (7, 1)
dis
Looking side1, side2 : (7, 1) (7, 5)
FOR UP  nb_sides 3
Type : RIGHT
Sides : [(5, 2), (8, 3), (9, 3), (6, 4), (7, 5), (8, 5)]
Looking side1, side2 : (5, 2) (8, 3)
dis
Looking side1, side2 : (8, 3) (9, 3)
Looking side1, side2 : (9, 3) (6, 4)
dis
Looking side1, side2 : (6, 4) (7, 5)
dis
Looking side1, side2 : (7, 5) (8, 5)
FOR RIGHT  nb_sides 4
Type : DOWN
Sides : [(9, 3), (8, 5), (8, 2), (8, 1), (7, 4)]
Looking side1, side2 : (9, 3) (8, 5)
dis
Looking side1, side2 : (8, 5) (8, 2)
Looking side1, side2 : (8, 2) (8, 1)
Looking side1, side2 : (8, 1) (7, 4)
dis
FOR DOWN  nb_sides 3
Type : LEFT
Sides : [(8, 5), (9, 3), (6, 2), (5, 2), (8, 1), (7, 1)]
Looking side1, side2 : (8, 5) (9, 3)
dis
Looking side1, side2 : (9, 3) (6, 2)
dis
Looking side1, side2 : (6, 2) (5, 2)
Looking side1, side2 : (5, 2) (8, 1)
dis
Looking side1, side2 : (8, 1) (7, 1)
FOR LEFT  nb_sides 4
sides : 14
region : 1
area : 4
Point :  (1, 5)
right
down
Point :  (0, 4)
up
left
Point :  (1, 4)
down
left
Point :  (0, 5)
up
right
Type : UP
Sides : [(0, 4), (0, 5)]
Looking side1, side2 : (0, 4) (0, 5)
FOR UP  nb_sides 1
Type : RIGHT
Sides : [(0, 5), (1, 5)]
Looking side1, side2 : (0, 5) (1, 5)
FOR RIGHT  nb_sides 1
Type : DOWN
Sides : [(1, 5), (1, 4)]
Looking side1, side2 : (1, 5) (1, 4)
FOR DOWN  nb_sides 1
Type : LEFT
Sides : [(1, 4), (0, 4)]
Looking side1, side2 : (1, 4) (0, 4)
FOR LEFT  nb_sides 1
sides : 4
----------------------------------------------------------------
type : C
seed_sets : {(4, 4), (0, 7), (5, 5), (3, 4), (6, 5), (5, 4), (1, 8), (0, 6), (1, 7), (3, 3), (2, 6), (1, 6), (2, 5), (4, 7), (3, 5)}
regions : [{(4, 4), (0, 7), (5, 5), (3, 4), (6, 5), (5, 4), (1, 8), (0, 6), (1, 7), (3, 3), (2, 6), (1, 6), (2, 5), (3, 5)}, {(4, 7)}]
nb_regions : 2
region : 0
area : 14
Point :  (4, 4)
right
left
Point :  (0, 7)
up
right
Point :  (5, 5)
up
right
Point :  (3, 4)
up
Point :  (6, 5)
right
down
left
Point :  (5, 4)
down
left
Point :  (1, 8)
up
right
down
Point :  (0, 6)
up
left
Point :  (1, 7)
down
Point :  (3, 3)
up
down
left
Point :  (2, 6)
right
down
Point :  (1, 6)
left
Point :  (2, 5)
up
left
Point :  (3, 5)
right
down
Type : UP
Sides : [(0, 6), (0, 7), (1, 8), (2, 5), (3, 3), (3, 4), (5, 5)]
Looking side1, side2 : (0, 6) (0, 7)
Looking side1, side2 : (0, 7) (1, 8)
dis
Looking side1, side2 : (1, 8) (2, 5)
dis
Looking side1, side2 : (2, 5) (3, 3)
dis
Looking side1, side2 : (3, 3) (3, 4)
Looking side1, side2 : (3, 4) (5, 5)
dis
FOR UP  nb_sides 5
Type : RIGHT
Sides : [(4, 4), (3, 5), (5, 5), (6, 5), (2, 6), (0, 7), (1, 8)]
Looking side1, side2 : (4, 4) (3, 5)
dis
Looking side1, side2 : (3, 5) (5, 5)
Looking side1, side2 : (5, 5) (6, 5)
Looking side1, side2 : (6, 5) (2, 6)
dis
Looking side1, side2 : (2, 6) (0, 7)
dis
Looking side1, side2 : (0, 7) (1, 8)
dis
FOR RIGHT  nb_sides 5
Type : DOWN
Sides : [(6, 5), (5, 4), (3, 5), (3, 3), (2, 6), (1, 8), (1, 7)]
Looking side1, side2 : (6, 5) (5, 4)
dis
Looking side1, side2 : (5, 4) (3, 5)
dis
Looking side1, side2 : (3, 5) (3, 3)
Looking side1, side2 : (3, 3) (2, 6)
dis
Looking side1, side2 : (2, 6) (1, 8)
dis
Looking side1, side2 : (1, 8) (1, 7)
FOR DOWN  nb_sides 5
Type : LEFT
Sides : [(1, 6), (0, 6), (6, 5), (2, 5), (5, 4), (4, 4), (3, 3)]
Looking side1, side2 : (1, 6) (0, 6)
Looking side1, side2 : (0, 6) (6, 5)
dis
Looking side1, side2 : (6, 5) (2, 5)
Looking side1, side2 : (2, 5) (5, 4)
dis
Looking side1, side2 : (5, 4) (4, 4)
Looking side1, side2 : (4, 4) (3, 3)
dis
FOR LEFT  nb_sides 4
sides : 19
region : 1
area : 1
Point :  (4, 7)
up
right
down
left
Type : UP
Sides : [(4, 7)]
FOR UP  nb_sides 1
Type : RIGHT
Sides : [(4, 7)]
FOR RIGHT  nb_sides 1
Type : DOWN
Sides : [(4, 7)]
FOR DOWN  nb_sides 1
Type : LEFT
Sides : [(4, 7)]
FOR LEFT  nb_sides 1
sides : 4
----------------------------------------------------------------
type : F
seed_sets : {(3, 8), (2, 7), (3, 7), (0, 9), (2, 9), (3, 9), (4, 8), (0, 8), (1, 9), (2, 8)}
regions : [{(3, 8), (2, 7), (3, 7), (0, 9), (2, 9), (3, 9), (4, 8), (0, 8), (1, 9), (2, 8)}]
nb_regions : 1
region : 0
area : 10
Point :  (3, 8)
Point :  (2, 7)
up
left
Point :  (3, 7)
down
left
Point :  (0, 9)
up
right
Point :  (2, 9)
right
Point :  (3, 9)
right
down
Point :  (4, 8)
right
down
left
Point :  (0, 8)
up
down
left
Point :  (1, 9)
right
left
Point :  (2, 8)
up
Type : UP
Sides : [(0, 8), (0, 9), (2, 7), (2, 8)]
Looking side1, side2 : (0, 8) (0, 9)
Looking side1, side2 : (0, 9) (2, 7)
dis
Looking side1, side2 : (2, 7) (2, 8)
FOR UP  nb_sides 2
Type : RIGHT
Sides : [(4, 8), (0, 9), (1, 9), (2, 9), (3, 9)]
Looking side1, side2 : (4, 8) (0, 9)
dis
Looking side1, side2 : (0, 9) (1, 9)
Looking side1, side2 : (1, 9) (2, 9)
Looking side1, side2 : (2, 9) (3, 9)
FOR RIGHT  nb_sides 2
Type : DOWN
Sides : [(4, 8), (3, 9), (3, 7), (0, 8)]
Looking side1, side2 : (4, 8) (3, 9)
dis
Looking side1, side2 : (3, 9) (3, 7)
Looking side1, side2 : (3, 7) (0, 8)
dis
FOR DOWN  nb_sides 3
Type : LEFT
Sides : [(1, 9), (4, 8), (0, 8), (3, 7), (2, 7)]
Looking side1, side2 : (1, 9) (4, 8)
dis
Looking side1, side2 : (4, 8) (0, 8)
Looking side1, side2 : (0, 8) (3, 7)
dis
Looking side1, side2 : (3, 7) (2, 7)
FOR LEFT  nb_sides 3
sides : 10
----------------------------------------------------------------
type : V
seed_sets : {(4, 0), (2, 1), (4, 3), (3, 1), (6, 1), (2, 0), (5, 1), (4, 2), (3, 0), (5, 0), (6, 0), (5, 3), (4, 1)}
regions : [{(4, 0), (2, 1), (4, 3), (3, 1), (6, 1), (2, 0), (5, 1), (4, 2), (3, 0), (5, 0), (6, 0), (5, 3), (4, 1)}]
nb_regions : 1
region : 0
area : 13
Point :  (4, 0)
left
Point :  (2, 1)
up
right
Point :  (4, 3)
up
right
Point :  (3, 1)
right
Point :  (6, 1)
right
down
Point :  (2, 0)
up
left
Point :  (5, 1)
right
Point :  (4, 2)
up
down
Point :  (3, 0)
left
Point :  (5, 0)
left
Point :  (6, 0)
down
left
Point :  (5, 3)
right
down
left
Point :  (4, 1)
Type : UP
Sides : [(2, 0), (2, 1), (4, 2), (4, 3)]
Looking side1, side2 : (2, 0) (2, 1)
Looking side1, side2 : (2, 1) (4, 2)
dis
Looking side1, side2 : (4, 2) (4, 3)
FOR UP  nb_sides 2
Type : RIGHT
Sides : [(2, 1), (3, 1), (5, 1), (6, 1), (4, 3), (5, 3)]
Looking side1, side2 : (2, 1) (3, 1)
Looking side1, side2 : (3, 1) (5, 1)
Looking side1, side2 : (5, 1) (6, 1)
Looking side1, side2 : (6, 1) (4, 3)
dis
Looking side1, side2 : (4, 3) (5, 3)
FOR RIGHT  nb_sides 2
Type : DOWN
Sides : [(6, 1), (6, 0), (5, 3), (4, 2)]
Looking side1, side2 : (6, 1) (6, 0)
Looking side1, side2 : (6, 0) (5, 3)
dis
Looking side1, side2 : (5, 3) (4, 2)
dis
FOR DOWN  nb_sides 3
Type : LEFT
Sides : [(5, 3), (6, 0), (5, 0), (4, 0), (3, 0), (2, 0)]
Looking side1, side2 : (5, 3) (6, 0)
dis
Looking side1, side2 : (6, 0) (5, 0)
Looking side1, side2 : (5, 0) (4, 0)
Looking side1, side2 : (4, 0) (3, 0)
Looking side1, side2 : (3, 0) (2, 0)
FOR LEFT  nb_sides 2
sides : 9
----------------------------------------------------------------
type : J
seed_sets : {(7, 7), (9, 6), (4, 6), (5, 7), (6, 7), (4, 5), (7, 6), (5, 6), (8, 6), (3, 6), (6, 6)}
regions : [{(7, 7), (9, 6), (4, 6), (5, 7), (6, 7), (4, 5), (7, 6), (5, 6), (8, 6), (3, 6), (6, 6)}]
nb_regions : 1
region : 0
area : 11
Point :  (7, 7)
right
down
Point :  (9, 6)
right
down
left
Point :  (4, 6)
right
Point :  (5, 7)
up
right
Point :  (6, 7)
right
Point :  (4, 5)
up
down
left
Point :  (7, 6)
left
Point :  (5, 6)
left
Point :  (8, 6)
right
left
Point :  (3, 6)
up
right
left
Point :  (6, 6)
left
Type : UP
Sides : [(3, 6), (4, 5), (5, 7)]
Looking side1, side2 : (3, 6) (4, 5)
dis
Looking side1, side2 : (4, 5) (5, 7)
dis
FOR UP  nb_sides 3
Type : RIGHT
Sides : [(3, 6), (4, 6), (8, 6), (9, 6), (5, 7), (6, 7), (7, 7)]
Looking side1, side2 : (3, 6) (4, 6)
Looking side1, side2 : (4, 6) (8, 6)
Looking side1, side2 : (8, 6) (9, 6)
Looking side1, side2 : (9, 6) (5, 7)
dis
Looking side1, side2 : (5, 7) (6, 7)
Looking side1, side2 : (6, 7) (7, 7)
FOR RIGHT  nb_sides 2
Type : DOWN
Sides : [(9, 6), (7, 7), (4, 5)]
Looking side1, side2 : (9, 6) (7, 7)
dis
Looking side1, side2 : (7, 7) (4, 5)
dis
FOR DOWN  nb_sides 3
Type : LEFT
Sides : [(9, 6), (8, 6), (7, 6), (6, 6), (5, 6), (3, 6), (4, 5)]
Looking side1, side2 : (9, 6) (8, 6)
Looking side1, side2 : (8, 6) (7, 6)
Looking side1, side2 : (7, 6) (6, 6)
Looking side1, side2 : (6, 6) (5, 6)
Looking side1, side2 : (5, 6) (3, 6)
Looking side1, side2 : (3, 6) (4, 5)
dis
FOR LEFT  nb_sides 2
sides : 10
----------------------------------------------------------------
type : E
seed_sets : {(8, 8), (9, 7), (5, 8), (4, 9), (8, 7), (6, 8), (9, 9), (7, 9), (8, 9), (9, 8), (5, 9), (6, 9), (7, 8)}
regions : [{(8, 8), (9, 9), (8, 7), (5, 8), (6, 8), (6, 9), (4, 9), (7, 9), (8, 9), (9, 8), (5, 9), (9, 7), (7, 8)}]
nb_regions : 1
region : 0
area : 13
Point :  (8, 8)
Point :  (9, 9)
right
down
Point :  (8, 7)
up
left
Point :  (5, 8)
up
left
Point :  (6, 8)
left
Point :  (6, 9)
right
Point :  (4, 9)
up
right
left
Point :  (7, 9)
right
Point :  (8, 9)
right
Point :  (9, 8)
down
Point :  (5, 9)
right
Point :  (9, 7)
down
left
Point :  (7, 8)
left
Type : UP
Sides : [(4, 9), (5, 8), (8, 7)]
Looking side1, side2 : (4, 9) (5, 8)
dis
Looking side1, side2 : (5, 8) (8, 7)
dis
FOR UP  nb_sides 3
Type : RIGHT
Sides : [(4, 9), (5, 9), (6, 9), (7, 9), (8, 9), (9, 9)]
Looking side1, side2 : (4, 9) (5, 9)
Looking side1, side2 : (5, 9) (6, 9)
Looking side1, side2 : (6, 9) (7, 9)
Looking side1, side2 : (7, 9) (8, 9)
Looking side1, side2 : (8, 9) (9, 9)
FOR RIGHT  nb_sides 1
Type : DOWN
Sides : [(9, 9), (9, 8), (9, 7)]
Looking side1, side2 : (9, 9) (9, 8)
Looking side1, side2 : (9, 8) (9, 7)
FOR DOWN  nb_sides 1
Type : LEFT
Sides : [(4, 9), (7, 8), (6, 8), (5, 8), (9, 7), (8, 7)]
Looking side1, side2 : (4, 9) (7, 8)
dis
Looking side1, side2 : (7, 8) (6, 8)
Looking side1, side2 : (6, 8) (5, 8)
Looking side1, side2 : (5, 8) (9, 7)
dis
Looking side1, side2 : (9, 7) (8, 7)
FOR LEFT  nb_sides 3
sides : 8
----------------------------------------------------------------
type : M
seed_sets : {(9, 0), (7, 0), (9, 2), (8, 0), (9, 1)}
regions : [{(9, 0), (7, 0), (9, 2), (8, 0), (9, 1)}]
nb_regions : 1
region : 0
area : 5
Point :  (9, 0)
down
left
Point :  (7, 0)
up
right
left
Point :  (9, 2)
up
right
down
Point :  (8, 0)
right
left
Point :  (9, 1)
up
down
Type : UP
Sides : [(7, 0), (9, 1), (9, 2)]
Looking side1, side2 : (7, 0) (9, 1)
dis
Looking side1, side2 : (9, 1) (9, 2)
FOR UP  nb_sides 2
Type : RIGHT
Sides : [(7, 0), (8, 0), (9, 2)]
Looking side1, side2 : (7, 0) (8, 0)
Looking side1, side2 : (8, 0) (9, 2)
dis
FOR RIGHT  nb_sides 2
Type : DOWN
Sides : [(9, 2), (9, 1), (9, 0)]
Looking side1, side2 : (9, 2) (9, 1)
Looking side1, side2 : (9, 1) (9, 0)
FOR DOWN  nb_sides 1
Type : LEFT
Sides : [(9, 0), (8, 0), (7, 0)]
Looking side1, side2 : (9, 0) (8, 0)
Looking side1, side2 : (8, 0) (7, 0)
FOR LEFT  nb_sides 1
sides : 6
----------------------------------------------------------------
type : S
seed_sets : {(9, 5), (8, 4), (9, 4)}
regions : [{(9, 5), (8, 4), (9, 4)}]
nb_regions : 1
region : 0
area : 3
Point :  (9, 5)
up
right
down
Point :  (8, 4)
up
right
left
Point :  (9, 4)
down
left
Type : UP
Sides : [(8, 4), (9, 5)]
Looking side1, side2 : (8, 4) (9, 5)
dis
FOR UP  nb_sides 2
Type : RIGHT
Sides : [(8, 4), (9, 5)]
Looking side1, side2 : (8, 4) (9, 5)
dis
FOR RIGHT  nb_sides 2
Type : DOWN
Sides : [(9, 5), (9, 4)]
Looking side1, side2 : (9, 5) (9, 4)
FOR DOWN  nb_sides 1
Type : LEFT
Sides : [(9, 4), (8, 4)]
Looking side1, side2 : (9, 4) (8, 4)
FOR LEFT  nb_sides 1
sides : 6
----------------------------------------------------------------
price : 1081
