for AAA : 17872 - ZZZ
for AAA : 17873 - ZZZ
for AAA : 17873 - ZZZ
for AAA : 17873 - ZZZ
for AAA : 17873 - ZZZ
for AAA : 17873 - ZZZ
for AAA : 17873 - ZZZ
for AAA : 17873 - ZZZ
for AAA : 17873 - ZZZ
for AAA : 17873 - ZZZ
for start : AAA
the end is : ZZZ
nb_total_steps : 178730
for QRA : 19630 - XVZ
for QRA : 19631 - XVZ
for QRA : 19631 - XVZ
for QRA : 19631 - XVZ
for QRA : 19631 - XVZ
for QRA : 19631 - XVZ
for QRA : 19631 - XVZ
for QRA : 19631 - XVZ
for QRA : 19631 - XVZ
for QRA : 19631 - XVZ
for start : QRA
the end is : XVZ
nb_total_steps : 196310
for KQA : 17286 - QQZ
for KQA : 17287 - QQZ
for KQA : 17287 - QQZ
for KQA : 17287 - QQZ
for KQA : 17287 - QQZ
for KQA : 17287 - QQZ
for KQA : 17287 - QQZ
for KQA : 17287 - QQZ
for KQA : 17287 - QQZ
for KQA : 17287 - QQZ
for start : KQA
the end is : QQZ
nb_total_steps : 172870
for DFA : 12598 - VGZ
for DFA : 12599 - VGZ
for DFA : 12599 - VGZ
for DFA : 12599 - VGZ
for DFA : 12599 - VGZ
for DFA : 12599 - VGZ
for DFA : 12599 - VGZ
for DFA : 12599 - VGZ
for DFA : 12599 - VGZ
for DFA : 12599 - VGZ
for start : DFA
the end is : VGZ
nb_total_steps : 125990
for DBA : 21388 - PPZ
for DBA : 21389 - PPZ
for DBA : 21389 - PPZ
for DBA : 21389 - PPZ
for DBA : 21389 - PPZ
for DBA : 21389 - PPZ
for DBA : 21389 - PPZ
for DBA : 21389 - PPZ
for DBA : 21389 - PPZ
for DBA : 21389 - PPZ
for start : DBA
the end is : PPZ
nb_total_steps : 213890
for HJA : 20802 - QFZ
for HJA : 20803 - QFZ
for HJA : 20803 - QFZ
for HJA : 20803 - QFZ
for HJA : 20803 - QFZ
for HJA : 20803 - QFZ
for HJA : 20803 - QFZ
for HJA : 20803 - QFZ
for HJA : 20803 - QFZ
for HJA : 20803 - QFZ
for start : HJA
the end is : QFZ
nb_total_steps : 208030
